2022-05-16 7:42:54 - MOD: Modification Default

FILE: system/engine/action.php
REGEX: ~(require|include)(_once)?\(([^)]+)~
LINE: 69

FILE: system/engine/loader.php
REGEX: ~(require|include)(_once)?\(([^)]+)~
LINE: 77
LINE: 151
LINE: 168

FILE: system/library/config.php
REGEX: ~(require|include)(_once)?\(([^)]+)~
LINE: 59

FILE: system/library/language.php
REGEX: ~(require|include)(_once)?\(([^)]+)~
LINE: 67
LINE: 73

FILE: system/library/template/template.php
REGEX: ~(require|include)(_once)?\(([^)]+)~
LINE: 18

FILE: system/library/template/twig.php
CODE: if (is_file($file)) {
LINE: 13
----------------------------------------------------------------
MOD: Simplica Theme

FILE: catalog/view/theme/simplica/template/common/cart.twig
CODE: <div id="cart" class="btn-group btn-block">
LINE: 0

FILE: catalog/controller/extension/module/carousel.php
CODE: $this->document->addStyle('catalog/view/javascript/jquery/swiper/css/opencart.css');
LINE: 9

FILE: catalog/controller/extension/module/banner.php
CODE: $this->document->addStyle('catalog/view/javascript/jquery/swiper/css/opencart.css');
LINE: 9

FILE: catalog/controller/extension/module/slideshow.php
CODE: $this->document->addStyle('catalog/view/javascript/jquery/swiper/css/opencart.css');
LINE: 9

FILE: catalog/view/theme/simplica/template/common/footer.twig
CODE: <p>{{ powered }}</p>
LINE: 41
----------------------------------------------------------------
